<?xml version="1.0" encoding="UTF-8"?>
<testsuite name="ru.ruko.MainTest" tests="1" skipped="0" failures="0" errors="0" timestamp="2018-09-04T05:27:42" hostname="NSK120" time="0.006">
  <properties/>
  <testcase name="testSimple1" classname="ru.ruko.MainTest" time="0.006"/>
  <system-out><![CDATA[]]></system-out>
  <system-err><![CDATA[]]></system-err>
</testsuite>
