<?xml version="1.0" encoding="UTF-8"?>
<!-- Generated by org.testng.reporters.JUnitReportReporter -->
<testsuite skipped="0" hostname="NSK120" name="ru.ruko.MainTest" tests="1" failures="0" timestamp="04 сен 2018 05:27:42 GMT" time="0.006" errors="0">
  <testcase name="testSimple1" time="0.006" classname="ru.ruko.MainTest"/>
</testsuite> <!-- ru.ruko.MainTest -->
